<?xml version="1.0" encoding="UTF-8"?>
<!-- Generated by org.testng.reporters.JUnitReportReporter -->
<testsuite hostname="ANTORA-LAPTOP" failures="0" tests="1" name="LoginTest" time="8.803" errors="0" timestamp="2023-12-25T02:27:58 BDT" skipped="0">
  <testcase classname="LoginTest" name="loginTest" time="8.803"/>
  <system-out/>
</testsuite> <!-- LoginTest -->
