<?xml version="1.0" encoding="UTF-8"?>
<!-- Generated by org.testng.reporters.JUnitReportReporter -->
<testsuite hostname="ANTORA-LAPTOP" failures="0" tests="1" name="LoginTest" time="24.518" errors="0" timestamp="2023-12-26T23:52:16 BDT" skipped="0">
  <testcase classname="LoginTest" name="loginTest" time="24.518"/>
  <system-out/>
</testsuite> <!-- LoginTest -->
